Running: /media/Mordor/linux/Xilinx/14.7/ISE_DS/ISE/bin/lin64/unwrapped/fuse -intstyle ise -incremental -lib unisims_ver -lib unimacro_ver -lib xilinxcorelib_ver -lib secureip -o /media/Mordor/xillycounter-master/xillyctr_isim_beh.exe -prj /media/Mordor/xillycounter-master/xillyctr_beh.prj work.xillyctr work.glbl 
ISim P.20131013 (signature 0xfbc00daa)
Number of CPUs detected in this system: 4
Turning on mult-threading, number of parallel sub-compilation jobs: 8 
Determining compilation order of HDL files
Analyzing Verilog file "/media/Mordor/xillycounter-master/ipcore_dir/xilly_data_fifo.v" into library work
Analyzing Verilog file "/media/Mordor/xillycounter-master/ipcore_dir/fifo1.v" into library work
Analyzing Verilog file "/media/Mordor/xillycounter-master/../XillyLBI/ver1/fifo_wrap.v" into library work
Analyzing Verilog file "/media/Mordor/xillycounter-master/../XillyLBI/ver1/counter.v" into library work
Analyzing Verilog file "/media/Mordor/xillycounter-master/xilly_data_fifo_wrap.v" into library work
Analyzing Verilog file "/media/Mordor/xillycounter-master/Mux_8_bit.v" into library work
Analyzing Verilog file "/media/Mordor/xillycounter-master/clk_ctrl.v" into library work
Analyzing Verilog file "/media/Mordor/xillycounter-master/hdr_ram.v" into library work
Analyzing Verilog file "/media/Mordor/xillycounter-master/fr_ctr.v" into library work
Analyzing Verilog file "/media/Mordor/xillycounter-master/ctrl_mod.v" into library work
Analyzing Verilog file "/media/Mordor/xillycounter-master/byte_reorder.v" into library work
Analyzing Verilog file "/media/Mordor/xillycounter-master/xillyctr.vf" into library work
Analyzing Verilog file "/media/Mordor/linux/Xilinx/14.7/ISE_DS/ISE//verilog/src/glbl.v" into library work
Starting static elaboration
Completed static elaboration
Fuse Memory Usage: 101132 KB
Fuse CPU Usage: 1000 ms
Compiling module IBUFG
Compiling module BUFG
Compiling module PLL_ADV(CLKFBOUT_MULT=8,CLKIN1_P...
Compiling module clk_ctrl
Compiling module counter
Compiling module INV
Compiling module fifo_generator_v9_3_sync_stage(C...
Compiling module fifo_generator_v9_3_sync_stage(C...
Compiling module fifo_generator_v9_3_bhv_ver_as(C...
Compiling module FIFO_GENERATOR_V9_3_CONV_VER(C_C...
Compiling module FIFO_GENERATOR_V9_3(C_DATA_COUNT...
Compiling module fifo1
Compiling module fifo_wrap
Compiling module hdr_ram
Compiling module fr_ctr
Compiling module Ctrl
Compiling module Mux_8_bit
Compiling module fifo_generator_v9_3_bhv_ver_ss(C...
Compiling module FIFO_GENERATOR_V9_3_CONV_VER(C_C...
Compiling module FIFO_GENERATOR_V9_3(C_COMMON_CLO...
Compiling module xilly_data_fifo
Compiling module xilly_data_fifo_wrap
Compiling module byte_reorder_8bit
Compiling module xillyctr
Compiling module glbl
Time Resolution for simulation is 1ps.
Waiting for 11 sub-compilation(s) to finish...
Compiled 25 Verilog Units
Built simulation executable /media/Mordor/xillycounter-master/xillyctr_isim_beh.exe
Fuse Memory Usage: 672704 KB
Fuse CPU Usage: 1200 ms
GCC CPU Usage: 5030 ms
