ISim log file
Running: /media/Mordor/xillycounter-master/xillyctr_isim_beh.exe -intstyle ise -gui -tclbatch isim.cmd -wdb /media/Mordor/xillycounter-master/xillyctr_isim_beh.wdb 
ISim P.20131013 (signature 0xfbc00daa)
This is a Full version of ISim.
Time resolution is 1 ps
# onerror resume
# wave add /
# run 1000 ns
Simulator is doing circuit initialization process.
WARNING: Behavioral models for independent clock FIFO configurations do not model synchronization delays. The behavioral models are functionally correct, and will represent the behavior of the configured FIFO. See the FIFO Generator User Guide for more information.
Finished circuit initialization process.
# isim force add /xillyctr/busclk 1 -radix bin -value 0 -radix bin -time 5 ns -repeat 10 ns
# isim force add /xillyctr/busclk 1 -radix bin -value 0 -radix bin -time 5 ns -repeat 10 ns
# isim force add /xillyctr/clk 1 -radix bin -value 0 -radix bin -time 5 ns -repeat 10 ns
# isim force add /xillyctr/clk 1 -radix bin -value 0 -radix bin -time 5 ns -repeat 10 ns
# isim force add /xillyctr/fifo_rst 0 -radix bin
# isim force add /xillyctr/fifo_rst 0 -radix bin
# isim force add /xillyctr/xilly_fifo_rst 0 -radix bin
# isim force add /xillyctr/xilly_fifo_rst 0 -radix bin
# run all
Stopped at time : 2455650 ns : File "/media/Mordor/xillycounter-master/fr_ctr.v" Line 26
# exit 0
