INFO:sim:172 - Generating IP...
Resolving generics for 'xilly_data_fifo'...
Applying external generics to 'xilly_data_fifo'...
Delivering associated files for 'xilly_data_fifo'...
Delivering EJava files for 'xilly_data_fifo'...
Generating implementation netlist for 'xilly_data_fifo'...
INFO:sim - Pre-processing HDL files for 'xilly_data_fifo'...
WARNING:sim - BlackBox generator run option '-ifmt' found multiple times. Only
   the first occurence is considered.
Running synthesis for 'xilly_data_fifo'
Running ngcbuild...
Writing VEO instantiation template for 'xilly_data_fifo'...
Writing Verilog behavioral simulation model for 'xilly_data_fifo'...
WARNING:sim - Overwriting existing file
   /media/Mordor/xillycounter-master/ipcore_dir/tmp/_cg/xilly_data_fifo/doc/fifo
   _generator_v9_3_vinfo.html with file from view xilinx_documentation
Delivered 3 files into directory
/media/Mordor/xillycounter-master/ipcore_dir/tmp/_cg/xilly_data_fifo
Delivered 1 file into directory
/media/Mordor/xillycounter-master/ipcore_dir/tmp/_cg/xilly_data_fifo
Generating ASY schematic symbol...
INFO:sim:949 - Finished generation of ASY schematic symbol.
Generating SYM schematic symbol for 'xilly_data_fifo'...
Generating metadata file...
Generating ISE project file for 'xilly_data_fifo'...
Generating ISE project...
XCO file found: xilly_data_fifo.xco
XMDF file found: xilly_data_fifo_xmdf.tcl
Adding /media/Mordor/xillycounter-master/ipcore_dir/tmp/_cg/xilly_data_fifo.asy
-view all -origin_type imported
Adding /media/Mordor/xillycounter-master/ipcore_dir/tmp/_cg/xilly_data_fifo.ngc
-view all -origin_type created
Checking file
"/media/Mordor/xillycounter-master/ipcore_dir/tmp/_cg/xilly_data_fifo.ngc" for
project device match ...
File "/media/Mordor/xillycounter-master/ipcore_dir/tmp/_cg/xilly_data_fifo.ngc"
device information matches project device.
Adding /media/Mordor/xillycounter-master/ipcore_dir/tmp/_cg/xilly_data_fifo.sym
-view all -origin_type imported
Adding /media/Mordor/xillycounter-master/ipcore_dir/tmp/_cg/xilly_data_fifo.v
-view all -origin_type created
INFO:HDLCompiler:1845 - Analyzing Verilog file
   "/media/Mordor/xillycounter-master/ipcore_dir/tmp/_cg/xilly_data_fifo.v" into
   library work
INFO:ProjectMgmt - Parsing design hierarchy completed successfully.
Adding /media/Mordor/xillycounter-master/ipcore_dir/tmp/_cg/xilly_data_fifo.veo
-view all -origin_type imported
INFO:TclTasksC:2116 - The automatic calculation of top has been turned-off.
   Please set the new top explicitly by running the "project set top" command.
   To re-calculate the new top automatically, set the "Auto Implementation Top"
   property to true.
Top level has been set to "/xilly_data_fifo"
Generating README file...
Generating FLIST file...
INFO:sim:948 - Finished FLIST file generation.
Launching README viewer...
Moving files to output directory...
Finished moving files to output directory
Wrote CGP file for project 'xilly_data_fifo'.
